ICEMAN-client/build/outputs/logs/manifest-merger-debug-report.txt
-- Merging decision tree log ---
manifest
ADDED from ICEMANv0.5\ICEMAN-client\AndroidManifest.xml:2:1-198:12
	xmlns:android
		ADDED from ICEMANv0.5\ICEMAN-client\AndroidManifest.xml:2:11-69
	package
		ADDED from ICEMANv0.5\ICEMAN-client\AndroidManifest.xml:4:5-47
	android:versionName
		ADDED from ICEMANv0.5\ICEMAN-client\AndroidManifest.xml:6:5-28
		INJECTED from ICEMANv0.5\ICEMAN-client\AndroidManifest.xml
		INJECTED from ICEMANv0.5\ICEMAN-client\AndroidManifest.xml
	android:versionCode
		ADDED from ICEMANv0.5\ICEMAN-client\AndroidManifest.xml:5:5-28
		INJECTED from ICEMANv0.5\ICEMAN-client\AndroidManifest.xml
		INJECTED from ICEMANv0.5\ICEMAN-client\AndroidManifest.xml
permission#com.teamunemployment.breadcrumbs.permission.C2D_MESSAGE
ADDED from ICEMANv0.5\ICEMAN-client\AndroidManifest.xml:8:5-9:47
	android:protectionLevel
		ADDED from ICEMANv0.5\ICEMAN-client\AndroidManifest.xml:9:9-44
	android:name
		ADDED from ICEMANv0.5\ICEMAN-client\AndroidManifest.xml:8:17-87
uses-permission#android.permission.INTERNET
ADDED from ICEMANv0.5\ICEMAN-client\AndroidManifest.xml:11:2-63
	android:name
		ADDED from ICEMANv0.5\ICEMAN-client\AndroidManifest.xml:11:19-61
uses-permission#android.permission.WAKE_LOCK
ADDED from ICEMANv0.5\ICEMAN-client\AndroidManifest.xml:12:5-67
	android:name
		ADDED from ICEMANv0.5\ICEMAN-client\AndroidManifest.xml:12:22-65
uses-permission#android.permission.ACCESS_NETWORK_STATE
ADDED from ICEMANv0.5\ICEMAN-client\AndroidManifest.xml:13:2-75
	android:name
		ADDED from ICEMANv0.5\ICEMAN-client\AndroidManifest.xml:13:19-73
uses-permission#android.permission.RECEIVE_BOOT_COMPLETED
ADDED from ICEMANv0.5\ICEMAN-client\AndroidManifest.xml:14:5-81
	android:name
		ADDED from ICEMANv0.5\ICEMAN-client\AndroidManifest.xml:14:22-78
uses-permission#android.permission.WRITE_EXTERNAL_STORAGE
ADDED from ICEMANv0.5\ICEMAN-client\AndroidManifest.xml:15:2-77
	android:name
		ADDED from ICEMANv0.5\ICEMAN-client\AndroidManifest.xml:15:19-75
uses-permission#com.google.android.providers.gsf.permission.READ_GSERVICES
ADDED from ICEMANv0.5\ICEMAN-client\AndroidManifest.xml:16:2-94
	android:name
		ADDED from ICEMANv0.5\ICEMAN-client\AndroidManifest.xml:16:19-92
uses-permission#com.teamunemployment.breadcrumbs.permission.C2D_MESSAGE
ADDED from ICEMANv0.5\ICEMAN-client\AndroidManifest.xml:17:5-94
	android:name
		ADDED from ICEMANv0.5\ICEMAN-client\AndroidManifest.xml:17:22-92
uses-permission#android.permission.ACCESS_COARSE_LOCATION
ADDED from ICEMANv0.5\ICEMAN-client\AndroidManifest.xml:18:2-77
	android:name
		ADDED from ICEMANv0.5\ICEMAN-client\AndroidManifest.xml:18:19-75
uses-permission#android.permission.ACCESS_FINE_LOCATION
ADDED from ICEMANv0.5\ICEMAN-client\AndroidManifest.xml:19:2-75
	android:name
		ADDED from ICEMANv0.5\ICEMAN-client\AndroidManifest.xml:19:19-73
uses-permission#android.permission.CAMERA
ADDED from ICEMANv0.5\ICEMAN-client\AndroidManifest.xml:20:2-61
	android:name
		ADDED from ICEMANv0.5\ICEMAN-client\AndroidManifest.xml:20:19-59
uses-permission#android.permission.RECORD_AUDIO
ADDED from ICEMANv0.5\ICEMAN-client\AndroidManifest.xml:21:5-71
	android:name
		ADDED from ICEMANv0.5\ICEMAN-client\AndroidManifest.xml:21:22-68
uses-permission#com.google.android.c2dm.permission.SEND
ADDED from ICEMANv0.5\ICEMAN-client\AndroidManifest.xml:22:5-78
	android:name
		ADDED from ICEMANv0.5\ICEMAN-client\AndroidManifest.xml:22:22-76
uses-permission#com.google.android.c2dm.permission.RECEIVE
ADDED from ICEMANv0.5\ICEMAN-client\AndroidManifest.xml:23:5-82
	android:name
		ADDED from ICEMANv0.5\ICEMAN-client\AndroidManifest.xml:23:22-79
uses-feature#android.hardware.camera
ADDED from ICEMANv0.5\ICEMAN-client\AndroidManifest.xml:24:5-60
	android:name
		ADDED from ICEMANv0.5\ICEMAN-client\AndroidManifest.xml:24:19-57
uses-feature#0x00020000
ADDED from ICEMANv0.5\ICEMAN-client\AndroidManifest.xml:27:2-29:34
	android:required
		ADDED from ICEMANv0.5\ICEMAN-client\AndroidManifest.xml:29:9-32
	android:glEsVersion
		ADDED from ICEMANv0.5\ICEMAN-client\AndroidManifest.xml:28:9-41
uses-sdk
ADDED from ICEMANv0.5\ICEMAN-client\AndroidManifest.xml:31:5-32:38
	android:targetSdkVersion
		INJECTED from ICEMANv0.5\ICEMAN-client\AndroidManifest.xml
		INJECTED from ICEMANv0.5\ICEMAN-client\AndroidManifest.xml
	android:minSdkVersion
		ADDED from ICEMANv0.5\ICEMAN-client\AndroidManifest.xml:32:9-35
application
ADDED from ICEMANv0.5\ICEMAN-client\AndroidManifest.xml:34:5-196:19
	android:label
		ADDED from ICEMANv0.5\ICEMAN-client\AndroidManifest.xml:37:9-41
	android:allowBackup
		ADDED from ICEMANv0.5\ICEMAN-client\AndroidManifest.xml:35:9-35
	android:icon
		ADDED from ICEMANv0.5\ICEMAN-client\AndroidManifest.xml:36:9-38
	android:theme
		ADDED from ICEMANv0.5\ICEMAN-client\AndroidManifest.xml:38:9-40
activity#com.teamunemployment.breadcrumbs.client.Main
ADDED from ICEMANv0.5\ICEMAN-client\AndroidManifest.xml:39:9-48:20
	android:screenOrientation
		ADDED from ICEMANv0.5\ICEMAN-client\AndroidManifest.xml:43:13-49
	android:label
		ADDED from ICEMANv0.5\ICEMAN-client\AndroidManifest.xml:41:13-45
	android:exported
		ADDED from ICEMANv0.5\ICEMAN-client\AndroidManifest.xml:42:13-36
	android:name
		ADDED from ICEMANv0.5\ICEMAN-client\AndroidManifest.xml:40:13-40
intent-filter#android.intent.action.MAIN+android.intent.category.LAUNCHER
ADDED from ICEMANv0.5\ICEMAN-client\AndroidManifest.xml:44:13-47:29
action#android.intent.action.MAIN
ADDED from ICEMANv0.5\ICEMAN-client\AndroidManifest.xml:45:17-69
	android:name
		ADDED from ICEMANv0.5\ICEMAN-client\AndroidManifest.xml:45:25-66
category#android.intent.category.LAUNCHER
ADDED from ICEMANv0.5\ICEMAN-client\AndroidManifest.xml:46:17-77
	android:name
		ADDED from ICEMANv0.5\ICEMAN-client\AndroidManifest.xml:46:27-74
receiver#com.teamunemployment.breadcrumbs.BootReciever.BootReceiver
ADDED from ICEMANv0.5\ICEMAN-client\AndroidManifest.xml:51:9-55:20
	android:name
		ADDED from ICEMANv0.5\ICEMAN-client\AndroidManifest.xml:51:19-60
intent-filter#android.intent.action.BOOT_COMPLETED
ADDED from ICEMANv0.5\ICEMAN-client\AndroidManifest.xml:52:13-54:29
action#android.intent.action.BOOT_COMPLETED
ADDED from ICEMANv0.5\ICEMAN-client\AndroidManifest.xml:53:17-78
	android:name
		ADDED from ICEMANv0.5\ICEMAN-client\AndroidManifest.xml:53:25-76
receiver#com.google.android.gms.gcm.GcmReceiver
ADDED from ICEMANv0.5\ICEMAN-client\AndroidManifest.xml:58:9-66:20
	android:exported
		ADDED from ICEMANv0.5\ICEMAN-client\AndroidManifest.xml:60:13-36
	android:permission
		ADDED from ICEMANv0.5\ICEMAN-client\AndroidManifest.xml:61:13-73
	android:name
		ADDED from ICEMANv0.5\ICEMAN-client\AndroidManifest.xml:59:13-66
intent-filter#com.breadcrumbs.GCM+com.google.android.c2dm.intent.RECEIVE
ADDED from ICEMANv0.5\ICEMAN-client\AndroidManifest.xml:62:13-65:29
action#com.google.android.c2dm.intent.RECEIVE
ADDED from ICEMANv0.5\ICEMAN-client\AndroidManifest.xml:63:17-81
	android:name
		ADDED from ICEMANv0.5\ICEMAN-client\AndroidManifest.xml:63:25-78
category#com.breadcrumbs.GCM
ADDED from ICEMANv0.5\ICEMAN-client\AndroidManifest.xml:64:17-64
	android:name
		ADDED from ICEMANv0.5\ICEMAN-client\AndroidManifest.xml:64:27-61
receiver#com.teamunemployment.breadcrumbs.Location.PathSense.Geofence.BreadCrumbsPathSenseGeofenceEventReceiver
ADDED from ICEMANv0.5\ICEMAN-client\AndroidManifest.xml:70:9-107
	android:name
		ADDED from ICEMANv0.5\ICEMAN-client\AndroidManifest.xml:70:19-104
receiver#com.teamunemployment.breadcrumbs.Location.PathSense.Activity.PathsenseActivityChangeBroadcastReceiver
ADDED from ICEMANv0.5\ICEMAN-client\AndroidManifest.xml:71:9-106
	android:name
		ADDED from ICEMANv0.5\ICEMAN-client\AndroidManifest.xml:71:19-103
receiver#com.teamunemployment.breadcrumbs.Location.PathSense.Activity.PathsenseActivityUpdateBroadcastReceiver
ADDED from ICEMANv0.5\ICEMAN-client\AndroidManifest.xml:72:9-106
	android:name
		ADDED from ICEMANv0.5\ICEMAN-client\AndroidManifest.xml:72:19-103
receiver#com.teamunemployment.breadcrumbs.Location.PathSense.Activity.PathsenseDeviceHoldingBroadcastReceiver
ADDED from ICEMANv0.5\ICEMAN-client\AndroidManifest.xml:73:9-105
	android:name
		ADDED from ICEMANv0.5\ICEMAN-client\AndroidManifest.xml:73:19-102
service#com.teamunemployment.breadcrumbs.GCM.BreadcrumbsGcmReceiver
ADDED from ICEMANv0.5\ICEMAN-client\AndroidManifest.xml:76:9-82:19
	android:exported
		ADDED from ICEMANv0.5\ICEMAN-client\AndroidManifest.xml:78:13-37
	android:name
		ADDED from ICEMANv0.5\ICEMAN-client\AndroidManifest.xml:77:13-87
intent-filter#com.google.android.c2dm.intent.RECEIVE
ADDED from ICEMANv0.5\ICEMAN-client\AndroidManifest.xml:79:13-81:29
service#com.teamunemployment.breadcrumbs.GCM.BreadcrumbsInstanceIdListenerService
ADDED from ICEMANv0.5\ICEMAN-client\AndroidManifest.xml:86:9-92:19
	android:exported
		ADDED from ICEMANv0.5\ICEMAN-client\AndroidManifest.xml:88:13-37
	android:name
		ADDED from ICEMANv0.5\ICEMAN-client\AndroidManifest.xml:87:13-101
intent-filter#com.google.android.gms.iid.InstanceID
ADDED from ICEMANv0.5\ICEMAN-client\AndroidManifest.xml:89:13-91:29
action#com.google.android.gms.iid.InstanceID
ADDED from ICEMANv0.5\ICEMAN-client\AndroidManifest.xml:90:17-79
	android:name
		ADDED from ICEMANv0.5\ICEMAN-client\AndroidManifest.xml:90:25-77
service#com.teamunemployment.breadcrumbs.GCM.RegistrationIntentService
ADDED from ICEMANv0.5\ICEMAN-client\AndroidManifest.xml:94:9-97:19
	android:exported
		ADDED from ICEMANv0.5\ICEMAN-client\AndroidManifest.xml:96:13-37
	android:name
		ADDED from ICEMANv0.5\ICEMAN-client\AndroidManifest.xml:95:13-90
service#com.teamunemployment.breadcrumbs.BootReciever.BootloaderService
ADDED from ICEMANv0.5\ICEMAN-client\AndroidManifest.xml:98:9-100
	android:exported
		ADDED from ICEMANv0.5\ICEMAN-client\AndroidManifest.xml:98:65-89
	android:name
		ADDED from ICEMANv0.5\ICEMAN-client\AndroidManifest.xml:98:18-64
activity#com.teamunemployment.breadcrumbs.client.TrailManager
ADDED from ICEMANv0.5\ICEMAN-client\AndroidManifest.xml:99:9-101:20
	android:screenOrientation
		ADDED from ICEMANv0.5\ICEMAN-client\AndroidManifest.xml:100:13-49
	android:name
		ADDED from ICEMANv0.5\ICEMAN-client\AndroidManifest.xml:99:19-54
activity#com.teamunemployment.breadcrumbs.client.BaseViewModel
ADDED from ICEMANv0.5\ICEMAN-client\AndroidManifest.xml:102:9-105:14
	android:screenOrientation
		ADDED from ICEMANv0.5\ICEMAN-client\AndroidManifest.xml:104:13-49
	android:name
		ADDED from ICEMANv0.5\ICEMAN-client\AndroidManifest.xml:103:13-49
activity#com.teamunemployment.breadcrumbs.client.CrumbViewer.CommentViewer
ADDED from ICEMANv0.5\ICEMAN-client\AndroidManifest.xml:106:9-108:20
	android:screenOrientation
		ADDED from ICEMANv0.5\ICEMAN-client\AndroidManifest.xml:107:19-55
	android:name
		ADDED from ICEMANv0.5\ICEMAN-client\AndroidManifest.xml:106:19-67
activity#com.teamunemployment.breadcrumbs.Trails.CreateTrail
ADDED from ICEMANv0.5\ICEMAN-client\AndroidManifest.xml:109:9-111:20
	android:screenOrientation
		ADDED from ICEMANv0.5\ICEMAN-client\AndroidManifest.xml:110:19-55
	android:name
		ADDED from ICEMANv0.5\ICEMAN-client\AndroidManifest.xml:109:19-53
activity#com.teamunemployment.breadcrumbs.Trails.EditMyTrail
ADDED from ICEMANv0.5\ICEMAN-client\AndroidManifest.xml:112:9-114:20
	android:screenOrientation
		ADDED from ICEMANv0.5\ICEMAN-client\AndroidManifest.xml:113:13-49
	android:name
		ADDED from ICEMANv0.5\ICEMAN-client\AndroidManifest.xml:112:19-53
activity#com.teamunemployment.breadcrumbs.client.TrailActivity
ADDED from ICEMANv0.5\ICEMAN-client\AndroidManifest.xml:115:9-118:20
	android:screenOrientation
		ADDED from ICEMANv0.5\ICEMAN-client\AndroidManifest.xml:117:13-49
	android:name
		ADDED from ICEMANv0.5\ICEMAN-client\AndroidManifest.xml:116:13-49
activity#com.teamunemployment.breadcrumbs.client.NavMenu.Profile.ProfilePageViewer
ADDED from ICEMANv0.5\ICEMAN-client\AndroidManifest.xml:119:9-120:61
	android:screenOrientation
		ADDED from ICEMANv0.5\ICEMAN-client\AndroidManifest.xml:120:13-49
	android:name
		ADDED from ICEMANv0.5\ICEMAN-client\AndroidManifest.xml:119:19-75
activity#com.teamunemployment.breadcrumbs.client.SelectedEventViewerBase
ADDED from ICEMANv0.5\ICEMAN-client\AndroidManifest.xml:121:9-124:20
	android:screenOrientation
		ADDED from ICEMANv0.5\ICEMAN-client\AndroidManifest.xml:123:13-49
	android:name
		ADDED from ICEMANv0.5\ICEMAN-client\AndroidManifest.xml:122:13-59
activity#com.teamunemployment.breadcrumbs.client.ImageViewer
ADDED from ICEMANv0.5\ICEMAN-client\AndroidManifest.xml:125:10-128:21
	android:windowSoftInputMode
		ADDED from ICEMANv0.5\ICEMAN-client\AndroidManifest.xml:127:14-55
	android:screenOrientation
		ADDED from ICEMANv0.5\ICEMAN-client\AndroidManifest.xml:126:13-49
	android:name
		ADDED from ICEMANv0.5\ICEMAN-client\AndroidManifest.xml:125:20-86
activity#com.teamunemployment.breadcrumbs.client.Camera.CameraCapture
ADDED from ICEMANv0.5\ICEMAN-client\AndroidManifest.xml:129:9-131:20
	android:screenOrientation
		ADDED from ICEMANv0.5\ICEMAN-client\AndroidManifest.xml:130:13-49
	android:name
		ADDED from ICEMANv0.5\ICEMAN-client\AndroidManifest.xml:129:19-62
activity#com.teamunemployment.breadcrumbs.client.BreadCrumbsImageSelector
ADDED from ICEMANv0.5\ICEMAN-client\AndroidManifest.xml:132:9-133:61
	android:screenOrientation
		ADDED from ICEMANv0.5\ICEMAN-client\AndroidManifest.xml:133:13-49
	android:name
		ADDED from ICEMANv0.5\ICEMAN-client\AndroidManifest.xml:132:19-66
activity#com.teamunemployment.breadcrumbs.client.CrumbViewer.CrumbsHolder
ADDED from ICEMANv0.5\ICEMAN-client\AndroidManifest.xml:134:9-135:61
	android:screenOrientation
		ADDED from ICEMANv0.5\ICEMAN-client\AndroidManifest.xml:135:13-49
	android:name
		ADDED from ICEMANv0.5\ICEMAN-client\AndroidManifest.xml:134:19-66
activity#com.teamunemployment.breadcrumbs.client.tabs.SaveEventFragment
ADDED from ICEMANv0.5\ICEMAN-client\AndroidManifest.xml:136:9-138:20
	android:screenOrientation
		ADDED from ICEMANv0.5\ICEMAN-client\AndroidManifest.xml:137:17-53
	android:name
		ADDED from ICEMANv0.5\ICEMAN-client\AndroidManifest.xml:136:19-96
activity#com.teamunemployment.breadcrumbs.client.Maps.MapViewer
ADDED from ICEMANv0.5\ICEMAN-client\AndroidManifest.xml:139:13-141:20
	android:screenOrientation
		ADDED from ICEMANv0.5\ICEMAN-client\AndroidManifest.xml:140:17-53
	android:name
		ADDED from ICEMANv0.5\ICEMAN-client\AndroidManifest.xml:139:23-60
activity#com.teamunemployment.breadcrumbs.client.SplashScreen
ADDED from ICEMANv0.5\ICEMAN-client\AndroidManifest.xml:142:9-144:20
	android:screenOrientation
		ADDED from ICEMANv0.5\ICEMAN-client\AndroidManifest.xml:143:13-49
	android:name
		ADDED from ICEMANv0.5\ICEMAN-client\AndroidManifest.xml:142:19-54
activity#com.teamunemployment.breadcrumbs.client.ImageChooser.ImageChooserTabWrapper
ADDED from ICEMANv0.5\ICEMAN-client\AndroidManifest.xml:145:9-147:20
	android:screenOrientation
		ADDED from ICEMANv0.5\ICEMAN-client\AndroidManifest.xml:146:13-49
	android:name
		ADDED from ICEMANv0.5\ICEMAN-client\AndroidManifest.xml:145:19-77
activity#com.facebook.FacebookActivity
ADDED from ICEMANv0.5\ICEMAN-client\AndroidManifest.xml:148:9-152:48
	android:label
		ADDED from ICEMANv0.5\ICEMAN-client\AndroidManifest.xml:152:13-45
	android:configChanges
		ADDED from ICEMANv0.5\ICEMAN-client\AndroidManifest.xml:149:13-113
	android:theme
		ADDED from ICEMANv0.5\ICEMAN-client\AndroidManifest.xml:151:13-72
	android:name
		ADDED from ICEMANv0.5\ICEMAN-client\AndroidManifest.xml:148:19-63
activity#com.teamunemployment.breadcrumbs.client.Settings
ADDED from ICEMANv0.5\ICEMAN-client\AndroidManifest.xml:153:9-62
	android:name
		ADDED from ICEMANv0.5\ICEMAN-client\AndroidManifest.xml:153:19-50
activity#com.teamunemployment.breadcrumbs.client.tabs.SaveVideoActivity
ADDED from ICEMANv0.5\ICEMAN-client\AndroidManifest.xml:154:13-156:20
	android:screenOrientation
		ADDED from ICEMANv0.5\ICEMAN-client\AndroidManifest.xml:155:17-53
	android:name
		ADDED from ICEMANv0.5\ICEMAN-client\AndroidManifest.xml:154:23-68
activity#com.teamunemployment.breadcrumbs.client.Maps.MapViewController
ADDED from ICEMANv0.5\ICEMAN-client\AndroidManifest.xml:157:9-159:20
	android:screenOrientation
		ADDED from ICEMANv0.5\ICEMAN-client\AndroidManifest.xml:158:17-53
	android:name
		ADDED from ICEMANv0.5\ICEMAN-client\AndroidManifest.xml:157:19-64
activity#com.teamunemployment.breadcrumbs.client.NavMenu.Profile.ProfilePicChooser
ADDED from ICEMANv0.5\ICEMAN-client\AndroidManifest.xml:160:9-162:20
	android:screenOrientation
		ADDED from ICEMANv0.5\ICEMAN-client\AndroidManifest.xml:161:13-49
	android:name
		ADDED from ICEMANv0.5\ICEMAN-client\AndroidManifest.xml:160:19-75
activity#com.teamunemployment.breadcrumbs.client.EditExistingTrail
ADDED from ICEMANv0.5\ICEMAN-client\AndroidManifest.xml:163:9-165:20
	android:screenOrientation
		ADDED from ICEMANv0.5\ICEMAN-client\AndroidManifest.xml:164:13-49
	android:name
		ADDED from ICEMANv0.5\ICEMAN-client\AndroidManifest.xml:163:19-59
activity#com.teamunemployment.breadcrumbs.client.NavMenu.About
ADDED from ICEMANv0.5\ICEMAN-client\AndroidManifest.xml:166:9-168:20
	android:screenOrientation
		ADDED from ICEMANv0.5\ICEMAN-client\AndroidManifest.xml:167:13-49
	android:name
		ADDED from ICEMANv0.5\ICEMAN-client\AndroidManifest.xml:166:19-55
activity#com.teamunemployment.breadcrumbs.client.ImageChooser.TrailCoverImageSelector
ADDED from ICEMANv0.5\ICEMAN-client\AndroidManifest.xml:169:9-170:61
	android:screenOrientation
		ADDED from ICEMANv0.5\ICEMAN-client\AndroidManifest.xml:170:13-49
	android:name
		ADDED from ICEMANv0.5\ICEMAN-client\AndroidManifest.xml:169:19-78
provider#com.facebook.FacebookContentProvider
ADDED from ICEMANv0.5\ICEMAN-client\AndroidManifest.xml:171:9-174:39
	android:exported
		ADDED from ICEMANv0.5\ICEMAN-client\AndroidManifest.xml:174:13-36
	android:authorities
		ADDED from ICEMANv0.5\ICEMAN-client\AndroidManifest.xml:173:13-90
	android:name
		ADDED from ICEMANv0.5\ICEMAN-client\AndroidManifest.xml:172:13-64
service#com.teamunemployment.breadcrumbs.Location.LocationService
ADDED from ICEMANv0.5\ICEMAN-client\AndroidManifest.xml:175:5-97
	android:name
		ADDED from ICEMANv0.5\ICEMAN-client\AndroidManifest.xml:175:14-86
service#com.teamunemployment.breadcrumbs.BackgroundServices.BackgroundService
ADDED from ICEMANv0.5\ICEMAN-client\AndroidManifest.xml:176:9-113
	android:name
		ADDED from ICEMANv0.5\ICEMAN-client\AndroidManifest.xml:176:18-102
meta-data#com.google.android.geo.API_KEY
ADDED from ICEMANv0.5\ICEMAN-client\AndroidManifest.xml:183:9-185:70
	android:name
		ADDED from ICEMANv0.5\ICEMAN-client\AndroidManifest.xml:184:13-58
	android:value
		ADDED from ICEMANv0.5\ICEMAN-client\AndroidManifest.xml:185:13-68
meta-data#com.facebook.sdk.ApplicationId
ADDED from ICEMANv0.5\ICEMAN-client\AndroidManifest.xml:187:9-107
	android:name
		ADDED from ICEMANv0.5\ICEMAN-client\AndroidManifest.xml:187:20-65
	android:value
		ADDED from ICEMANv0.5\ICEMAN-client\AndroidManifest.xml:187:66-105
meta-data#com.pathsense.android.sdk.CLIENT_ID
ADDED from ICEMANv0.5\ICEMAN-client\AndroidManifest.xml:189:9-191:72
	android:name
		ADDED from ICEMANv0.5\ICEMAN-client\AndroidManifest.xml:190:13-63
	android:value
		ADDED from ICEMANv0.5\ICEMAN-client\AndroidManifest.xml:191:13-69
meta-data#com.pathsense.android.sdk.API_KEY
ADDED from ICEMANv0.5\ICEMAN-client\AndroidManifest.xml:193:9-195:72
	android:name
		ADDED from ICEMANv0.5\ICEMAN-client\AndroidManifest.xml:194:13-61
	android:value
		ADDED from ICEMANv0.5\ICEMAN-client\AndroidManifest.xml:195:13-69